Using pre-set license
Built from '2021.3/staging' branch; Version is '2021.3.10f1 (1c7d0df0160b) revision 1867021'; Using compiler version '192829333'; Build Type 'Release'
OS: 'Windows 11  (10.0.22000) 64bit CoreSingleLanguage' Language: 'ru' Physical Memory: 16179 MB
BatchMode: 1, IsHumanControllingUs: 0, StartBugReporterOnCrash: 0, Is64bit: 1, IsPro: 1

COMMAND LINE ARGUMENTS:
D:\UnityHub\UnityEditor\2021.3.10f1\Editor\Unity.exe
-adb2
-batchMode
-noUpm
-name
AssetImportWorker0
-projectPath
D:/UnityHub/UnityProjects/Dragon-Picker-lab3
-logFile
Logs/AssetImportWorker0.log
-srvPort
62178
Successfully changed project path to: D:/UnityHub/UnityProjects/Dragon-Picker-lab3
D:/UnityHub/UnityProjects/Dragon-Picker-lab3
[UnityMemory] Configuration Parameters - Can be set up in boot.config
    "memorysetup-bucket-allocator-granularity=16"
    "memorysetup-bucket-allocator-bucket-count=8"
    "memorysetup-bucket-allocator-block-size=33554432"
    "memorysetup-bucket-allocator-block-count=8"
    "memorysetup-main-allocator-block-size=16777216"
    "memorysetup-thread-allocator-block-size=16777216"
    "memorysetup-gfx-main-allocator-block-size=16777216"
    "memorysetup-gfx-thread-allocator-block-size=16777216"
    "memorysetup-cache-allocator-block-size=4194304"
    "memorysetup-typetree-allocator-block-size=2097152"
    "memorysetup-profiler-bucket-allocator-granularity=16"
    "memorysetup-profiler-bucket-allocator-bucket-count=8"
    "memorysetup-profiler-bucket-allocator-block-size=33554432"
    "memorysetup-profiler-bucket-allocator-block-count=8"
    "memorysetup-profiler-allocator-block-size=16777216"
    "memorysetup-profiler-editor-allocator-block-size=1048576"
    "memorysetup-temp-allocator-size-main=16777216"
    "memorysetup-job-temp-allocator-block-size=2097152"
    "memorysetup-job-temp-allocator-block-size-background=1048576"
    "memorysetup-job-temp-allocator-reduction-small-platforms=262144"
    "memorysetup-temp-allocator-size-background-worker=32768"
    "memorysetup-temp-allocator-size-job-worker=262144"
    "memorysetup-temp-allocator-size-preload-manager=33554432"
    "memorysetup-temp-allocator-size-nav-mesh-worker=65536"
    "memorysetup-temp-allocator-size-audio-worker=65536"
    "memorysetup-temp-allocator-size-cloud-worker=32768"
    "memorysetup-temp-allocator-size-gi-baking-worker=262144"
    "memorysetup-temp-allocator-size-gfx=262144"
Refreshing native plugins compatible for Editor in 86.82 ms, found 3 plugins.
Preloading 0 native plugins for Editor in 0.00 ms.
Initialize engine version: 2021.3.10f1 (1c7d0df0160b)
[Subsystems] Discovering subsystems at path D:/UnityHub/UnityEditor/2021.3.10f1/Editor/Data/Resources/UnitySubsystems
[Subsystems] Discovering subsystems at path D:/UnityHub/UnityProjects/Dragon-Picker-lab3/Assets
GfxDevice: creating device client; threaded=0; jobified=0
Direct3D:
    Version:  Direct3D 11.0 [level 11.1]
    Renderer: Intel(R) Iris(R) Xe Graphics (ID=0x9a49)
    Vendor:   Intel
    VRAM:     8089 MB
    Driver:   30.0.100.9864
Initialize mono
Mono path[0] = 'D:/UnityHub/UnityEditor/2021.3.10f1/Editor/Data/Managed'
Mono path[1] = 'D:/UnityHub/UnityEditor/2021.3.10f1/Editor/Data/MonoBleedingEdge/lib/mono/unityjit-win32'
Mono config path = 'D:/UnityHub/UnityEditor/2021.3.10f1/Editor/Data/MonoBleedingEdge/etc'
Using monoOptions --debugger-agent=transport=dt_socket,embedding=1,server=y,suspend=n,address=127.0.0.1:56772
Begin MonoManager ReloadAssembly
Registering precompiled unity dll's ...
Register platform support module: D:/UnityHub/UnityEditor/2021.3.10f1/Editor/Data/PlaybackEngines/WebGLSupport/UnityEditor.WebGL.Extensions.dll
Register platform support module: D:/UnityHub/UnityEditor/2021.3.10f1/Editor/Data/PlaybackEngines/WindowsStandaloneSupport/UnityEditor.WindowsStandalone.Extensions.dll
Registered in 0.002110 seconds.
Native extension for WindowsStandalone target not found
Native extension for WebGL target not found
Refreshing native plugins compatible for Editor in 81.54 ms, found 3 plugins.
Preloading 0 native plugins for Editor in 0.00 ms.
Mono: successfully reloaded assembly
- Completed reload, in  0.633 seconds
Domain Reload Profiling:
	ReloadAssembly (634ms)
		BeginReloadAssembly (66ms)
			ExecutionOrderSort (0ms)
			DisableScriptedObjects (0ms)
			BackupInstance (0ms)
			ReleaseScriptingObjects (0ms)
			CreateAndSetChildDomain (1ms)
		EndReloadAssembly (464ms)
			LoadAssemblies (65ms)
			RebuildTransferFunctionScriptingTraits (0ms)
			SetupTypeCache (111ms)
			ReleaseScriptCaches (0ms)
			RebuildScriptCaches (36ms)
			SetupLoadedEditorAssemblies (275ms)
				LogAssemblyErrors (0ms)
				InitializePlatformSupportModulesInManaged (9ms)
				SetLoadedEditorAssemblies (0ms)
				RefreshPlugins (82ms)
				BeforeProcessingInitializeOnLoad (1ms)
				ProcessInitializeOnLoadAttributes (142ms)
				ProcessInitializeOnLoadMethodAttributes (41ms)
				AfterProcessingInitializeOnLoad (0ms)
				EditorAssembliesLoaded (0ms)
			ExecutionOrderSort2 (0ms)
			AwakeInstancesAfterBackupRestoration (0ms)
Platform modules already initialized, skipping
Registering precompiled user dll's ...
Registered in 0.003934 seconds.
Begin MonoManager ReloadAssembly
Symbol file LoadedFromMemory doesn't match image D:\UnityHub\UnityProjects\Dragon-Picker-lab3\Library\PackageCache\com.unity.visualscripting@1.7.8\Editor\VisualScripting.Core\Dependencies\YamlDotNet\Unity.VisualScripting.YamlDotNet.dll
Symbol file LoadedFromMemory doesn't match image D:\UnityHub\UnityProjects\Dragon-Picker-lab3\Library\PackageCache\com.unity.visualscripting@1.7.8\Editor\VisualScripting.Core\Dependencies\DotNetZip\Unity.VisualScripting.IonicZip.dll
Native extension for WindowsStandalone target not found
Native extension for WebGL target not found
Refreshing native plugins compatible for Editor in 0.94 ms, found 3 plugins.
Preloading 0 native plugins for Editor in 0.00 ms.
Mono: successfully reloaded assembly
- Completed reload, in  1.147 seconds
Domain Reload Profiling:
	ReloadAssembly (1148ms)
		BeginReloadAssembly (132ms)
			ExecutionOrderSort (0ms)
			DisableScriptedObjects (7ms)
			BackupInstance (0ms)
			ReleaseScriptingObjects (0ms)
			CreateAndSetChildDomain (25ms)
		EndReloadAssembly (904ms)
			LoadAssemblies (76ms)
			RebuildTransferFunctionScriptingTraits (0ms)
			SetupTypeCache (297ms)
			ReleaseScriptCaches (1ms)
			RebuildScriptCaches (72ms)
			SetupLoadedEditorAssemblies (405ms)
				LogAssemblyErrors (0ms)
				InitializePlatformSupportModulesInManaged (8ms)
				SetLoadedEditorAssemblies (1ms)
				RefreshPlugins (1ms)
				BeforeProcessingInitializeOnLoad (97ms)
				ProcessInitializeOnLoadAttributes (267ms)
				ProcessInitializeOnLoadMethodAttributes (29ms)
				AfterProcessingInitializeOnLoad (2ms)
				EditorAssembliesLoaded (0ms)
			ExecutionOrderSort2 (0ms)
			AwakeInstancesAfterBackupRestoration (7ms)
Platform modules already initialized, skipping
========================================================================
Worker process is ready to serve import requests
Launched and connected shader compiler UnityShaderCompiler.exe after 0.04 seconds
Refreshing native plugins compatible for Editor in 0.67 ms, found 3 plugins.
Preloading 0 native plugins for Editor in 0.00 ms.
Unloading 3481 Unused Serialized files (Serialized files now loaded: 0)
Unloading 29 unused Assets / (114.2 KB). Loaded Objects now: 3948.
Memory consumption went from 195.9 MB to 195.8 MB.
Total: 3.656600 ms (FindLiveObjects: 0.279300 ms CreateObjectMapping: 0.505100 ms MarkObjects: 2.709500 ms  DeleteObjects: 0.161800 ms)

AssetImportParameters requested are different than current active one (requested -> active):
  custom:video-decoder-ogg-theora: a1e56fd34408186e4bbccfd4996cb3dc -> 
  custom:container-muxer-webm: aa71ff27fc2769a1b78a27578f13a17b -> 
  custom:container-demuxer-webm: 4f35f7cbe854078d1ac9338744f61a02 -> 
  custom:video-encoder-webm-vp8: eb34c28f22e8b96e1ab97ce403110664 -> 
  custom:audio-encoder-webm-vorbis: bf7c407c2cedff20999df2af8eb42d56 -> 
  custom:framework-win-MediaFoundation: 216162199b28c13a410421893ffa2e32 -> 
  custom:container-demuxer-ogg: 62fdf1f143b41e24485cea50d1cbac27 -> 
  custom:video-decoder-webm-vp8: 9c59270c3fd7afecdb556c50c9e8de78 -> 
  custom:audio-decoder-ogg-vorbis: bf7c407c2cedff20999df2af8eb42d56 -> 
========================================================================
Received Prepare
Registering precompiled user dll's ...
Registered in 0.004044 seconds.
Begin MonoManager ReloadAssembly
Symbol file LoadedFromMemory doesn't match image D:\UnityHub\UnityProjects\Dragon-Picker-lab3\Library\PackageCache\com.unity.visualscripting@1.7.8\Editor\VisualScripting.Core\Dependencies\YamlDotNet\Unity.VisualScripting.YamlDotNet.dll
Symbol file LoadedFromMemory doesn't match image D:\UnityHub\UnityProjects\Dragon-Picker-lab3\Library\PackageCache\com.unity.visualscripting@1.7.8\Editor\VisualScripting.Core\Dependencies\DotNetZip\Unity.VisualScripting.IonicZip.dll
Native extension for WindowsStandalone target not found
Native extension for WebGL target not found
Refreshing native plugins compatible for Editor in 0.92 ms, found 3 plugins.
Preloading 0 native plugins for Editor in 0.00 ms.
Mono: successfully reloaded assembly
- Completed reload, in  1.150 seconds
Domain Reload Profiling:
	ReloadAssembly (1151ms)
		BeginReloadAssembly (120ms)
			ExecutionOrderSort (0ms)
			DisableScriptedObjects (5ms)
			BackupInstance (0ms)
			ReleaseScriptingObjects (0ms)
			CreateAndSetChildDomain (38ms)
		EndReloadAssembly (933ms)
			LoadAssemblies (67ms)
			RebuildTransferFunctionScriptingTraits (0ms)
			SetupTypeCache (280ms)
			ReleaseScriptCaches (2ms)
			RebuildScriptCaches (64ms)
			SetupLoadedEditorAssemblies (432ms)
				LogAssemblyErrors (0ms)
				InitializePlatformSupportModulesInManaged (18ms)
				SetLoadedEditorAssemblies (1ms)
				RefreshPlugins (1ms)
				BeforeProcessingInitializeOnLoad (86ms)
				ProcessInitializeOnLoadAttributes (284ms)
				ProcessInitializeOnLoadMethodAttributes (38ms)
				AfterProcessingInitializeOnLoad (3ms)
				EditorAssembliesLoaded (0ms)
			ExecutionOrderSort2 (0ms)
			AwakeInstancesAfterBackupRestoration (9ms)
Platform modules already initialized, skipping
Refreshing native plugins compatible for Editor in 2.03 ms, found 3 plugins.
Preloading 0 native plugins for Editor in 0.00 ms.
Unloading 3463 Unused Serialized files (Serialized files now loaded: 0)
Unloading 22 unused Assets / (80.7 KB). Loaded Objects now: 3951.
Memory consumption went from 194.5 MB to 194.4 MB.
Total: 2.961100 ms (FindLiveObjects: 0.236400 ms CreateObjectMapping: 0.101000 ms MarkObjects: 2.495900 ms  DeleteObjects: 0.125900 ms)

AssetImportParameters requested are different than current active one (requested -> active):
  custom:video-decoder-ogg-theora: a1e56fd34408186e4bbccfd4996cb3dc -> 
  custom:container-muxer-webm: aa71ff27fc2769a1b78a27578f13a17b -> 
  custom:container-demuxer-webm: 4f35f7cbe854078d1ac9338744f61a02 -> 
  custom:video-encoder-webm-vp8: eb34c28f22e8b96e1ab97ce403110664 -> 
  custom:audio-encoder-webm-vorbis: bf7c407c2cedff20999df2af8eb42d56 -> 
  custom:framework-win-MediaFoundation: 216162199b28c13a410421893ffa2e32 -> 
  custom:container-demuxer-ogg: 62fdf1f143b41e24485cea50d1cbac27 -> 
  custom:video-decoder-webm-vp8: 9c59270c3fd7afecdb556c50c9e8de78 -> 
  custom:audio-decoder-ogg-vorbis: bf7c407c2cedff20999df2af8eb42d56 -> 
========================================================================
Received Prepare
Registering precompiled user dll's ...
Registered in 0.004087 seconds.
Begin MonoManager ReloadAssembly
Symbol file LoadedFromMemory doesn't match image D:\UnityHub\UnityProjects\Dragon-Picker-lab3\Library\PackageCache\com.unity.visualscripting@1.7.8\Editor\VisualScripting.Core\Dependencies\YamlDotNet\Unity.VisualScripting.YamlDotNet.dll
Symbol file LoadedFromMemory doesn't match image D:\UnityHub\UnityProjects\Dragon-Picker-lab3\Library\PackageCache\com.unity.visualscripting@1.7.8\Editor\VisualScripting.Core\Dependencies\DotNetZip\Unity.VisualScripting.IonicZip.dll
Native extension for WindowsStandalone target not found
Native extension for WebGL target not found
Refreshing native plugins compatible for Editor in 0.98 ms, found 3 plugins.
Preloading 0 native plugins for Editor in 0.00 ms.
Mono: successfully reloaded assembly
- Completed reload, in  1.174 seconds
Domain Reload Profiling:
	ReloadAssembly (1175ms)
		BeginReloadAssembly (136ms)
			ExecutionOrderSort (0ms)
			DisableScriptedObjects (7ms)
			BackupInstance (0ms)
			ReleaseScriptingObjects (0ms)
			CreateAndSetChildDomain (41ms)
		EndReloadAssembly (950ms)
			LoadAssemblies (73ms)
			RebuildTransferFunctionScriptingTraits (0ms)
			SetupTypeCache (298ms)
			ReleaseScriptCaches (2ms)
			RebuildScriptCaches (59ms)
			SetupLoadedEditorAssemblies (436ms)
				LogAssemblyErrors (0ms)
				InitializePlatformSupportModulesInManaged (21ms)
				SetLoadedEditorAssemblies (1ms)
				RefreshPlugins (1ms)
				BeforeProcessingInitializeOnLoad (77ms)
				ProcessInitializeOnLoadAttributes (293ms)
				ProcessInitializeOnLoadMethodAttributes (41ms)
				AfterProcessingInitializeOnLoad (2ms)
				EditorAssembliesLoaded (0ms)
			ExecutionOrderSort2 (0ms)
			AwakeInstancesAfterBackupRestoration (8ms)
Platform modules already initialized, skipping
Refreshing native plugins compatible for Editor in 2.88 ms, found 3 plugins.
Preloading 0 native plugins for Editor in 0.00 ms.
Unloading 3463 Unused Serialized files (Serialized files now loaded: 0)
Unloading 22 unused Assets / (80.8 KB). Loaded Objects now: 3954.
Memory consumption went from 194.5 MB to 194.4 MB.
Total: 3.716200 ms (FindLiveObjects: 0.254400 ms CreateObjectMapping: 0.271400 ms MarkObjects: 3.043600 ms  DeleteObjects: 0.145200 ms)

AssetImportParameters requested are different than current active one (requested -> active):
  custom:video-decoder-ogg-theora: a1e56fd34408186e4bbccfd4996cb3dc -> 
  custom:container-muxer-webm: aa71ff27fc2769a1b78a27578f13a17b -> 
  custom:container-demuxer-webm: 4f35f7cbe854078d1ac9338744f61a02 -> 
  custom:video-encoder-webm-vp8: eb34c28f22e8b96e1ab97ce403110664 -> 
  custom:audio-encoder-webm-vorbis: bf7c407c2cedff20999df2af8eb42d56 -> 
  custom:framework-win-MediaFoundation: 216162199b28c13a410421893ffa2e32 -> 
  custom:container-demuxer-ogg: 62fdf1f143b41e24485cea50d1cbac27 -> 
  custom:video-decoder-webm-vp8: 9c59270c3fd7afecdb556c50c9e8de78 -> 
  custom:audio-decoder-ogg-vorbis: bf7c407c2cedff20999df2af8eb42d56 -> 
========================================================================
Received Import Request.
  Time since last request: 1141256.199006 seconds.
  path: Assets/_Scenes/Frame 1 (2).png
  artifactKey: Guid(87732e03f298ab34f9969e07be54066b) Importer(815301076,1909f56bfc062723c751e8b465ee728b)
Start importing Assets/_Scenes/Frame 1 (2).png using Guid(87732e03f298ab34f9969e07be54066b) Importer(815301076,1909f56bfc062723c751e8b465ee728b)  -> (artifact id: 'd8b9ce68d117ec1c8f171e5918c2687e') in 0.080088 seconds 
========================================================================
Received Import Request.
  Time since last request: 256.230483 seconds.
  path: Assets/_Scenes/Frame 1 (2).png
  artifactKey: Guid(87732e03f298ab34f9969e07be54066b) Importer(815301076,1909f56bfc062723c751e8b465ee728b)
Start importing Assets/_Scenes/Frame 1 (2).png using Guid(87732e03f298ab34f9969e07be54066b) Importer(815301076,1909f56bfc062723c751e8b465ee728b)  -> (artifact id: 'a5bc028c9c745a88435682ad42e4459c') in 0.108521 seconds 
========================================================================
Received Import Request.
  Time since last request: 19.070961 seconds.
  path: Assets/_Scenes/New Material.mat
  artifactKey: Guid(03058f19d3e11a2468677628a7ef8f67) Importer(815301076,1909f56bfc062723c751e8b465ee728b)
Start importing Assets/_Scenes/New Material.mat using Guid(03058f19d3e11a2468677628a7ef8f67) Importer(815301076,1909f56bfc062723c751e8b465ee728b)  -> (artifact id: 'd1d546a3b0301e4da19eac001160dcc1') in 0.080061 seconds 
========================================================================
Received Import Request.
  Time since last request: 601.765548 seconds.
  path: Assets/_Scenes/Game over.png
  artifactKey: Guid(64ce72b736ee9d14a9e54ab03ba0e334) Importer(815301076,1909f56bfc062723c751e8b465ee728b)
Start importing Assets/_Scenes/Game over.png using Guid(64ce72b736ee9d14a9e54ab03ba0e334) Importer(815301076,1909f56bfc062723c751e8b465ee728b)  -> (artifact id: '7bd750c25816b813b5698443cec32b64') in 0.015949 seconds 
========================================================================
Received Import Request.
  Time since last request: 20.057066 seconds.
  path: Assets/_Scenes/Game over.png
  artifactKey: Guid(64ce72b736ee9d14a9e54ab03ba0e334) Importer(815301076,1909f56bfc062723c751e8b465ee728b)
Start importing Assets/_Scenes/Game over.png using Guid(64ce72b736ee9d14a9e54ab03ba0e334) Importer(815301076,1909f56bfc062723c751e8b465ee728b)  -> (artifact id: '3cc64be6d41160f1a3e141fc810a0380') in 0.026772 seconds 
========================================================================
Received Import Request.
  Time since last request: 1298.406550 seconds.
  path: Assets/GabrielBissonnette/Primo - Main Menu Pack/Prefabs/Demos
  artifactKey: Guid(25d5fdce327ac2045bd45b3f1be06baa) Importer(815301076,1909f56bfc062723c751e8b465ee728b)
Start importing Assets/GabrielBissonnette/Primo - Main Menu Pack/Prefabs/Demos using Guid(25d5fdce327ac2045bd45b3f1be06baa) Importer(815301076,1909f56bfc062723c751e8b465ee728b)  -> (artifact id: 'f4e7bf1faa17120daa51532c8721b773') in 0.010265 seconds 
========================================================================
Received Import Request.
  Time since last request: 10.957000 seconds.
  path: Assets/GabrielBissonnette/Primo - Main Menu Pack/UI/Animations
  artifactKey: Guid(dd398a2f16e376c4098073bac2192b76) Importer(815301076,1909f56bfc062723c751e8b465ee728b)
Start importing Assets/GabrielBissonnette/Primo - Main Menu Pack/UI/Animations using Guid(dd398a2f16e376c4098073bac2192b76) Importer(815301076,1909f56bfc062723c751e8b465ee728b)  -> (artifact id: '194ce3b6552c04e064340c55a4c0e451') in 0.009832 seconds 
========================================================================
Received Import Request.
  Time since last request: 273.502433 seconds.
  path: Assets/_Scenes/Frame 2.png
  artifactKey: Guid(9f523607fb30d0942ab63c1111e2edca) Importer(815301076,1909f56bfc062723c751e8b465ee728b)
Start importing Assets/_Scenes/Frame 2.png using Guid(9f523607fb30d0942ab63c1111e2edca) Importer(815301076,1909f56bfc062723c751e8b465ee728b)  -> (artifact id: '43b5d57dba34c029b5c2ff30834e4aac') in 0.017476 seconds 
========================================================================
Received Import Request.
  Time since last request: 18.391176 seconds.
  path: Assets/_Scenes/Frame 2.png
  artifactKey: Guid(9f523607fb30d0942ab63c1111e2edca) Importer(815301076,1909f56bfc062723c751e8b465ee728b)
Start importing Assets/_Scenes/Frame 2.png using Guid(9f523607fb30d0942ab63c1111e2edca) Importer(815301076,1909f56bfc062723c751e8b465ee728b)  -> (artifact id: '4705a43f5c93f48d8f50053ae0bb88e5') in 0.129903 seconds 
========================================================================
Received Import Request.
  Time since last request: 89.131403 seconds.
  path: Assets/_Scenes/Frame 3.png
  artifactKey: Guid(61c7e5c813ce1244880c728ad4b202aa) Importer(815301076,1909f56bfc062723c751e8b465ee728b)
Start importing Assets/_Scenes/Frame 3.png using Guid(61c7e5c813ce1244880c728ad4b202aa) Importer(815301076,1909f56bfc062723c751e8b465ee728b)  -> (artifact id: '7f3aa186cde9e5ba6b46f00242c60597') in 0.059920 seconds 
========================================================================
Received Import Request.
  Time since last request: 395.783350 seconds.
  path: Assets/_Scenes/Frame 1 (3).png
  artifactKey: Guid(8e497729a71e3a648bc97b3c94a0aba8) Importer(815301076,1909f56bfc062723c751e8b465ee728b)
Start importing Assets/_Scenes/Frame 1 (3).png using Guid(8e497729a71e3a648bc97b3c94a0aba8) Importer(815301076,1909f56bfc062723c751e8b465ee728b)  -> (artifact id: '17ed330de79f02fe8101d2d7f44d8227') in 0.022752 seconds 
========================================================================
Received Import Request.
  Time since last request: 15.060205 seconds.
  path: Assets/_Scenes/Frame 1 (3).png
  artifactKey: Guid(8e497729a71e3a648bc97b3c94a0aba8) Importer(815301076,1909f56bfc062723c751e8b465ee728b)
Start importing Assets/_Scenes/Frame 1 (3).png using Guid(8e497729a71e3a648bc97b3c94a0aba8) Importer(815301076,1909f56bfc062723c751e8b465ee728b)  -> (artifact id: '177d93c65ae54dbf8300c6fdc12f07cc') in 0.069173 seconds 
========================================================================
Received Import Request.
  Time since last request: 13.520093 seconds.
  path: Assets/_Scenes/Frame 2 (1).png
  artifactKey: Guid(5c6bbb5153a46604d9476af9830424cd) Importer(815301076,1909f56bfc062723c751e8b465ee728b)
Start importing Assets/_Scenes/Frame 2 (1).png using Guid(5c6bbb5153a46604d9476af9830424cd) Importer(815301076,1909f56bfc062723c751e8b465ee728b)  -> (artifact id: '1f375beecc2abb59fc5befbeefa0df7c') in 0.090713 seconds 
========================================================================
Received Prepare
Registering precompiled user dll's ...
Registered in 0.002894 seconds.
Begin MonoManager ReloadAssembly
Symbol file LoadedFromMemory doesn't match image D:\UnityHub\UnityProjects\Dragon-Picker-lab3\Library\PackageCache\com.unity.visualscripting@1.7.8\Editor\VisualScripting.Core\Dependencies\YamlDotNet\Unity.VisualScripting.YamlDotNet.dll
Symbol file LoadedFromMemory doesn't match image D:\UnityHub\UnityProjects\Dragon-Picker-lab3\Library\PackageCache\com.unity.visualscripting@1.7.8\Editor\VisualScripting.Core\Dependencies\DotNetZip\Unity.VisualScripting.IonicZip.dll
Native extension for WindowsStandalone target not found
Native extension for WebGL target not found
Refreshing native plugins compatible for Editor in 0.99 ms, found 3 plugins.
Preloading 0 native plugins for Editor in 0.00 ms.
Mono: successfully reloaded assembly
- Completed reload, in  1.291 seconds
Domain Reload Profiling:
	ReloadAssembly (1292ms)
		BeginReloadAssembly (215ms)
			ExecutionOrderSort (0ms)
			DisableScriptedObjects (7ms)
			BackupInstance (0ms)
			ReleaseScriptingObjects (0ms)
			CreateAndSetChildDomain (98ms)
		EndReloadAssembly (964ms)
			LoadAssemblies (91ms)
			RebuildTransferFunctionScriptingTraits (0ms)
			SetupTypeCache (361ms)
			ReleaseScriptCaches (2ms)
			RebuildScriptCaches (54ms)
			SetupLoadedEditorAssemblies (388ms)
				LogAssemblyErrors (0ms)
				InitializePlatformSupportModulesInManaged (17ms)
				SetLoadedEditorAssemblies (1ms)
				RefreshPlugins (1ms)
				BeforeProcessingInitializeOnLoad (73ms)
				ProcessInitializeOnLoadAttributes (260ms)
				ProcessInitializeOnLoadMethodAttributes (35ms)
				AfterProcessingInitializeOnLoad (2ms)
				EditorAssembliesLoaded (0ms)
			ExecutionOrderSort2 (0ms)
			AwakeInstancesAfterBackupRestoration (9ms)
Platform modules already initialized, skipping
Refreshing native plugins compatible for Editor in 2.44 ms, found 3 plugins.
Preloading 0 native plugins for Editor in 0.00 ms.
Unloading 3463 Unused Serialized files (Serialized files now loaded: 0)
Unloading 22 unused Assets / (80.8 KB). Loaded Objects now: 4006.
Memory consumption went from 199.1 MB to 199.1 MB.
Total: 3.953800 ms (FindLiveObjects: 0.260500 ms CreateObjectMapping: 0.240200 ms MarkObjects: 3.338800 ms  DeleteObjects: 0.112900 ms)

AssetImportParameters requested are different than current active one (requested -> active):
  custom:video-decoder-ogg-theora: a1e56fd34408186e4bbccfd4996cb3dc -> 
  custom:container-muxer-webm: aa71ff27fc2769a1b78a27578f13a17b -> 
  custom:container-demuxer-webm: 4f35f7cbe854078d1ac9338744f61a02 -> 
  custom:video-encoder-webm-vp8: eb34c28f22e8b96e1ab97ce403110664 -> 
  custom:audio-encoder-webm-vorbis: bf7c407c2cedff20999df2af8eb42d56 -> 
  custom:framework-win-MediaFoundation: 216162199b28c13a410421893ffa2e32 -> 
  custom:container-demuxer-ogg: 62fdf1f143b41e24485cea50d1cbac27 -> 
  custom:video-decoder-webm-vp8: 9c59270c3fd7afecdb556c50c9e8de78 -> 
  custom:audio-decoder-ogg-vorbis: bf7c407c2cedff20999df2af8eb42d56 -> 
========================================================================
Received Import Request.
  Time since last request: 127.084621 seconds.
  path: Assets/_Scenes/Demo2.unity
  artifactKey: Guid(82793b959ff8bfc449accf038762ccf1) Importer(815301076,1909f56bfc062723c751e8b465ee728b)
Start importing Assets/_Scenes/Demo2.unity using Guid(82793b959ff8bfc449accf038762ccf1) Importer(815301076,1909f56bfc062723c751e8b465ee728b)  -> (artifact id: 'cb359af3f3d0bcc910eeab7f3f193d93') in 0.013385 seconds 
========================================================================
Received Import Request.
  Time since last request: 149.707536 seconds.
  path: Assets/_Scenes/Demo1.unity
  artifactKey: Guid(f05fc87a9f8cbbe469aad3d0bbe0e13a) Importer(815301076,1909f56bfc062723c751e8b465ee728b)
Start importing Assets/_Scenes/Demo1.unity using Guid(f05fc87a9f8cbbe469aad3d0bbe0e13a) Importer(815301076,1909f56bfc062723c751e8b465ee728b)  -> (artifact id: 'ae56aaf83a8acf10142367650adcf33d') in 0.010124 seconds 
========================================================================
Received Prepare
Registering precompiled user dll's ...
Registered in 0.003684 seconds.
Begin MonoManager ReloadAssembly
Symbol file LoadedFromMemory doesn't match image D:\UnityHub\UnityProjects\Dragon-Picker-lab3\Library\PackageCache\com.unity.visualscripting@1.7.8\Editor\VisualScripting.Core\Dependencies\YamlDotNet\Unity.VisualScripting.YamlDotNet.dll
Symbol file LoadedFromMemory doesn't match image D:\UnityHub\UnityProjects\Dragon-Picker-lab3\Library\PackageCache\com.unity.visualscripting@1.7.8\Editor\VisualScripting.Core\Dependencies\DotNetZip\Unity.VisualScripting.IonicZip.dll
Native extension for WindowsStandalone target not found
Native extension for WebGL target not found
Refreshing native plugins compatible for Editor in 0.94 ms, found 3 plugins.
Preloading 0 native plugins for Editor in 0.00 ms.
Mono: successfully reloaded assembly
- Completed reload, in  1.064 seconds
Domain Reload Profiling:
	ReloadAssembly (1065ms)
		BeginReloadAssembly (121ms)
			ExecutionOrderSort (0ms)
			DisableScriptedObjects (5ms)
			BackupInstance (0ms)
			ReleaseScriptingObjects (0ms)
			CreateAndSetChildDomain (34ms)
		EndReloadAssembly (845ms)
			LoadAssemblies (71ms)
			RebuildTransferFunctionScriptingTraits (0ms)
			SetupTypeCache (284ms)
			ReleaseScriptCaches (2ms)
			RebuildScriptCaches (49ms)
			SetupLoadedEditorAssemblies (375ms)
				LogAssemblyErrors (0ms)
				InitializePlatformSupportModulesInManaged (16ms)
				SetLoadedEditorAssemblies (1ms)
				RefreshPlugins (1ms)
				BeforeProcessingInitializeOnLoad (68ms)
				ProcessInitializeOnLoadAttributes (249ms)
				ProcessInitializeOnLoadMethodAttributes (37ms)
				AfterProcessingInitializeOnLoad (3ms)
				EditorAssembliesLoaded (0ms)
			ExecutionOrderSort2 (0ms)
			AwakeInstancesAfterBackupRestoration (6ms)
Platform modules already initialized, skipping
Refreshing native plugins compatible for Editor in 4.39 ms, found 3 plugins.
Preloading 0 native plugins for Editor in 0.00 ms.
Unloading 3463 Unused Serialized files (Serialized files now loaded: 0)
Unloading 22 unused Assets / (80.9 KB). Loaded Objects now: 4009.
Memory consumption went from 199.2 MB to 199.1 MB.
Total: 3.258700 ms (FindLiveObjects: 0.310800 ms CreateObjectMapping: 0.336200 ms MarkObjects: 2.468900 ms  DeleteObjects: 0.141600 ms)

AssetImportParameters requested are different than current active one (requested -> active):
  custom:video-decoder-ogg-theora: a1e56fd34408186e4bbccfd4996cb3dc -> 
  custom:container-muxer-webm: aa71ff27fc2769a1b78a27578f13a17b -> 
  custom:container-demuxer-webm: 4f35f7cbe854078d1ac9338744f61a02 -> 
  custom:video-encoder-webm-vp8: eb34c28f22e8b96e1ab97ce403110664 -> 
  custom:audio-encoder-webm-vorbis: bf7c407c2cedff20999df2af8eb42d56 -> 
  custom:framework-win-MediaFoundation: 216162199b28c13a410421893ffa2e32 -> 
  custom:container-demuxer-ogg: 62fdf1f143b41e24485cea50d1cbac27 -> 
  custom:video-decoder-webm-vp8: 9c59270c3fd7afecdb556c50c9e8de78 -> 
  custom:audio-decoder-ogg-vorbis: bf7c407c2cedff20999df2af8eb42d56 -> 
========================================================================
Received Import Request.
  Time since last request: 103.868254 seconds.
  path: Assets/Rocklynn Productions - Water Splash Pack/Drip.wav
  artifactKey: Guid(e6635f9609d0cd045aa33e0224d3d098) Importer(815301076,1909f56bfc062723c751e8b465ee728b)
Start importing Assets/Rocklynn Productions - Water Splash Pack/Drip.wav using Guid(e6635f9609d0cd045aa33e0224d3d098) Importer(815301076,1909f56bfc062723c751e8b465ee728b)  -> (artifact id: 'f2e94bd474013f17f372ca1f5f36838f') in 0.078085 seconds 
========================================================================
Received Import Request.
  Time since last request: 0.000022 seconds.
  path: Assets/Rocklynn Productions - Water Splash Pack/WaterSplash_In_Short2.wav
  artifactKey: Guid(dfa47fe971ffd5d4aa3344257c8bf3e1) Importer(815301076,1909f56bfc062723c751e8b465ee728b)
Start importing Assets/Rocklynn Productions - Water Splash Pack/WaterSplash_In_Short2.wav using Guid(dfa47fe971ffd5d4aa3344257c8bf3e1) Importer(815301076,1909f56bfc062723c751e8b465ee728b)  -> (artifact id: '6a4eeecb70d1d6cd8217f46df5d86f07') in 0.015244 seconds 
========================================================================
Received Import Request.
  Time since last request: 0.000044 seconds.
  path: Assets/Rocklynn Productions - Water Splash Pack/WaterSplash_In_Short4.wav
  artifactKey: Guid(7fb5b6f8e89e3a54e87d54261a3e6bd0) Importer(815301076,1909f56bfc062723c751e8b465ee728b)
Start importing Assets/Rocklynn Productions - Water Splash Pack/WaterSplash_In_Short4.wav using Guid(7fb5b6f8e89e3a54e87d54261a3e6bd0) Importer(815301076,1909f56bfc062723c751e8b465ee728b)  -> (artifact id: 'fe7902e20e70985cf1558c21e2169ac6') in 0.015380 seconds 
========================================================================
Received Import Request.
  Time since last request: 0.000016 seconds.
  path: Assets/Rocklynn Productions - Water Splash Pack/WaterSplash_Medium.wav
  artifactKey: Guid(ed7979cca68b1eb44ab872beb92e74c0) Importer(815301076,1909f56bfc062723c751e8b465ee728b)
Start importing Assets/Rocklynn Productions - Water Splash Pack/WaterSplash_Medium.wav using Guid(ed7979cca68b1eb44ab872beb92e74c0) Importer(815301076,1909f56bfc062723c751e8b465ee728b)  -> (artifact id: 'c601fed9075493997e5516d437688b2e') in 0.017497 seconds 
========================================================================
Received Import Request.
  Time since last request: 0.000021 seconds.
  path: Assets/Rocklynn Productions - Water Splash Pack/WaterEmerge_Out_Medium.wav
  artifactKey: Guid(fd5a93f5276cd3a41ac9fff9e4c1aa1a) Importer(815301076,1909f56bfc062723c751e8b465ee728b)
Start importing Assets/Rocklynn Productions - Water Splash Pack/WaterEmerge_Out_Medium.wav using Guid(fd5a93f5276cd3a41ac9fff9e4c1aa1a) Importer(815301076,1909f56bfc062723c751e8b465ee728b)  -> (artifact id: 'f6ce84ec24a4d0a770f97d99df77ec60') in 0.017606 seconds 
========================================================================
Received Import Request.
  Time since last request: 0.000028 seconds.
  path: Assets/Rocklynn Productions - Water Splash Pack/Underwater_Medium.wav
  artifactKey: Guid(988726bb4a7f2064aa37134dd062f71b) Importer(815301076,1909f56bfc062723c751e8b465ee728b)
Start importing Assets/Rocklynn Productions - Water Splash Pack/Underwater_Medium.wav using Guid(988726bb4a7f2064aa37134dd062f71b) Importer(815301076,1909f56bfc062723c751e8b465ee728b)  -> (artifact id: 'd4c6dadb59759006d59190857716d966') in 0.017471 seconds 
========================================================================
Received Import Request.
  Time since last request: 0.000029 seconds.
  path: Assets/Rocklynn Productions - Water Splash Pack/WaterSubmerge_In.wav
  artifactKey: Guid(fa6cba83a4316904f9489e7d058b2c15) Importer(815301076,1909f56bfc062723c751e8b465ee728b)
Start importing Assets/Rocklynn Productions - Water Splash Pack/WaterSubmerge_In.wav using Guid(fa6cba83a4316904f9489e7d058b2c15) Importer(815301076,1909f56bfc062723c751e8b465ee728b)  -> (artifact id: '3476b75aeeae298b3704c7349cf6000e') in 0.015716 seconds 
========================================================================
Received Import Request.
  Time since last request: 0.000025 seconds.
  path: Assets/Rocklynn Productions - Water Splash Pack/WaterEmerge_Out_Slow.wav
  artifactKey: Guid(27f06981fac2695438f35e893c268a53) Importer(815301076,1909f56bfc062723c751e8b465ee728b)
Start importing Assets/Rocklynn Productions - Water Splash Pack/WaterEmerge_Out_Slow.wav using Guid(27f06981fac2695438f35e893c268a53) Importer(815301076,1909f56bfc062723c751e8b465ee728b)  -> (artifact id: 'aaac638cc753ca916eaf7837e03eb0ae') in 0.016521 seconds 
========================================================================
Received Import Request.
  Time since last request: 693.587155 seconds.
  path: Assets/_AudioFiles/inecraft_death.mp3
  artifactKey: Guid(23e55d8364de4f942a667a9e0537ad63) Importer(815301076,1909f56bfc062723c751e8b465ee728b)
Start importing Assets/_AudioFiles/inecraft_death.mp3 using Guid(23e55d8364de4f942a667a9e0537ad63) Importer(815301076,1909f56bfc062723c751e8b465ee728b)  -> (artifact id: '24320540817cfb74c04abf92a202ffa6') in 0.018712 seconds 
========================================================================
Received Import Request.
  Time since last request: 127.531256 seconds.
  path: Assets/_AudioFiles/death.mp3
  artifactKey: Guid(23e55d8364de4f942a667a9e0537ad63) Importer(815301076,1909f56bfc062723c751e8b465ee728b)
Start importing Assets/_AudioFiles/death.mp3 using Guid(23e55d8364de4f942a667a9e0537ad63) Importer(815301076,1909f56bfc062723c751e8b465ee728b)  -> (artifact id: '53ef2d7529b07bd2e09fbbaada41eb2c') in 0.013081 seconds 
========================================================================
Received Import Request.
  Time since last request: 7.967753 seconds.
  path: Assets/_AudioFiles/water.mp3
  artifactKey: Guid(a0475b6cbf4b43d44b5eadf56e919ccd) Importer(815301076,1909f56bfc062723c751e8b465ee728b)
Start importing Assets/_AudioFiles/water.mp3 using Guid(a0475b6cbf4b43d44b5eadf56e919ccd) Importer(815301076,1909f56bfc062723c751e8b465ee728b)  -> (artifact id: '35f1689cf139a434138600744c5623a4') in 0.015615 seconds 
========================================================================
Received Import Request.
  Time since last request: 303.030154 seconds.
  path: Assets/_Scripts/dragonEgg.cs
  artifactKey: Guid(929a9d715bdc8a442abb9ba088255406) Importer(815301076,1909f56bfc062723c751e8b465ee728b)
Start importing Assets/_Scripts/dragonEgg.cs using Guid(929a9d715bdc8a442abb9ba088255406) Importer(815301076,1909f56bfc062723c751e8b465ee728b)  -> (artifact id: 'a1dd3450a02506a556702d9b05b338e5') in 0.023000 seconds 
========================================================================
Received Import Request.
  Time since last request: 67.425904 seconds.
  path: Assets/_Prefabs/dragonEgg.prefab
  artifactKey: Guid(7fcb7a5737054464cb8b974e4c2f7224) Importer(815301076,1909f56bfc062723c751e8b465ee728b)
Start importing Assets/_Prefabs/dragonEgg.prefab using Guid(7fcb7a5737054464cb8b974e4c2f7224) Importer(815301076,1909f56bfc062723c751e8b465ee728b)  -> (artifact id: '70822638c98c052b00a3e114c30aedd6') in 0.070001 seconds 
========================================================================
Received Import Request.
  Time since last request: 74.902627 seconds.
  path: Assets/_Prefabs/dragonEgg.prefab
  artifactKey: Guid(7fcb7a5737054464cb8b974e4c2f7224) Importer(815301076,1909f56bfc062723c751e8b465ee728b)
Start importing Assets/_Prefabs/dragonEgg.prefab using Guid(7fcb7a5737054464cb8b974e4c2f7224) Importer(815301076,1909f56bfc062723c751e8b465ee728b)  -> (artifact id: 'f3f920c3b8b091635fe0945c5175e501') in 0.020111 seconds 
========================================================================
Received Prepare
Registering precompiled user dll's ...
Registered in 0.004129 seconds.
Begin MonoManager ReloadAssembly
Symbol file LoadedFromMemory doesn't match image D:\UnityHub\UnityProjects\Dragon-Picker-lab3\Library\PackageCache\com.unity.visualscripting@1.7.8\Editor\VisualScripting.Core\Dependencies\YamlDotNet\Unity.VisualScripting.YamlDotNet.dll
Symbol file LoadedFromMemory doesn't match image D:\UnityHub\UnityProjects\Dragon-Picker-lab3\Library\PackageCache\com.unity.visualscripting@1.7.8\Editor\VisualScripting.Core\Dependencies\DotNetZip\Unity.VisualScripting.IonicZip.dll
Native extension for WindowsStandalone target not found
Native extension for WebGL target not found
Refreshing native plugins compatible for Editor in 0.58 ms, found 3 plugins.
Preloading 0 native plugins for Editor in 0.00 ms.
Mono: successfully reloaded assembly
- Completed reload, in  0.937 seconds
Domain Reload Profiling:
	ReloadAssembly (938ms)
		BeginReloadAssembly (131ms)
			ExecutionOrderSort (0ms)
			DisableScriptedObjects (5ms)
			BackupInstance (0ms)
			ReleaseScriptingObjects (0ms)
			CreateAndSetChildDomain (39ms)
		EndReloadAssembly (714ms)
			LoadAssemblies (74ms)
			RebuildTransferFunctionScriptingTraits (0ms)
			SetupTypeCache (280ms)
			ReleaseScriptCaches (1ms)
			RebuildScriptCaches (35ms)
			SetupLoadedEditorAssemblies (284ms)
				LogAssemblyErrors (0ms)
				InitializePlatformSupportModulesInManaged (13ms)
				SetLoadedEditorAssemblies (0ms)
				RefreshPlugins (1ms)
				BeforeProcessingInitializeOnLoad (54ms)
				ProcessInitializeOnLoadAttributes (186ms)
				ProcessInitializeOnLoadMethodAttributes (28ms)
				AfterProcessingInitializeOnLoad (2ms)
				EditorAssembliesLoaded (0ms)
			ExecutionOrderSort2 (0ms)
			AwakeInstancesAfterBackupRestoration (6ms)
Platform modules already initialized, skipping
Refreshing native plugins compatible for Editor in 2.33 ms, found 3 plugins.
Preloading 0 native plugins for Editor in 0.00 ms.
Unloading 3463 Unused Serialized files (Serialized files now loaded: 0)
Unloading 22 unused Assets / (80.7 KB). Loaded Objects now: 4015.
Memory consumption went from 199.3 MB to 199.2 MB.
Total: 3.638300 ms (FindLiveObjects: 0.213100 ms CreateObjectMapping: 0.095900 ms MarkObjects: 3.183800 ms  DeleteObjects: 0.144300 ms)

AssetImportParameters requested are different than current active one (requested -> active):
  custom:video-decoder-ogg-theora: a1e56fd34408186e4bbccfd4996cb3dc -> 
  custom:container-muxer-webm: aa71ff27fc2769a1b78a27578f13a17b -> 
  custom:container-demuxer-webm: 4f35f7cbe854078d1ac9338744f61a02 -> 
  custom:video-encoder-webm-vp8: eb34c28f22e8b96e1ab97ce403110664 -> 
  custom:audio-encoder-webm-vorbis: bf7c407c2cedff20999df2af8eb42d56 -> 
  custom:framework-win-MediaFoundation: 216162199b28c13a410421893ffa2e32 -> 
  custom:container-demuxer-ogg: 62fdf1f143b41e24485cea50d1cbac27 -> 
  custom:video-decoder-webm-vp8: 9c59270c3fd7afecdb556c50c9e8de78 -> 
  custom:audio-decoder-ogg-vorbis: bf7c407c2cedff20999df2af8eb42d56 -> 
========================================================================
Received Import Request.
  Time since last request: 46.488711 seconds.
  path: Assets/_Prefabs/dragonEgg.prefab
  artifactKey: Guid(7fcb7a5737054464cb8b974e4c2f7224) Importer(815301076,1909f56bfc062723c751e8b465ee728b)
Start importing Assets/_Prefabs/dragonEgg.prefab using Guid(7fcb7a5737054464cb8b974e4c2f7224) Importer(815301076,1909f56bfc062723c751e8b465ee728b)  -> (artifact id: '32673f2e98b7a1b1712800a2863e070d') in 0.076676 seconds 
========================================================================
Received Import Request.
  Time since last request: 12.423267 seconds.
  path: Assets/_Prefabs/dragonEgg.prefab
  artifactKey: Guid(7fcb7a5737054464cb8b974e4c2f7224) Importer(815301076,1909f56bfc062723c751e8b465ee728b)
Start importing Assets/_Prefabs/dragonEgg.prefab using Guid(7fcb7a5737054464cb8b974e4c2f7224) Importer(815301076,1909f56bfc062723c751e8b465ee728b)  -> (artifact id: '0c4037e297c87e75a8d6e8bf15615409') in 0.016124 seconds 
========================================================================
Received Prepare
Registering precompiled user dll's ...
Registered in 0.002903 seconds.
Begin MonoManager ReloadAssembly
Symbol file LoadedFromMemory doesn't match image D:\UnityHub\UnityProjects\Dragon-Picker-lab3\Library\PackageCache\com.unity.visualscripting@1.7.8\Editor\VisualScripting.Core\Dependencies\YamlDotNet\Unity.VisualScripting.YamlDotNet.dll
Symbol file LoadedFromMemory doesn't match image D:\UnityHub\UnityProjects\Dragon-Picker-lab3\Library\PackageCache\com.unity.visualscripting@1.7.8\Editor\VisualScripting.Core\Dependencies\DotNetZip\Unity.VisualScripting.IonicZip.dll
Native extension for WindowsStandalone target not found
Native extension for WebGL target not found
Refreshing native plugins compatible for Editor in 0.74 ms, found 3 plugins.
Preloading 0 native plugins for Editor in 0.00 ms.
Mono: successfully reloaded assembly
- Completed reload, in  1.074 seconds
Domain Reload Profiling:
	ReloadAssembly (1075ms)
		BeginReloadAssembly (118ms)
			ExecutionOrderSort (0ms)
			DisableScriptedObjects (4ms)
			BackupInstance (0ms)
			ReleaseScriptingObjects (0ms)
			CreateAndSetChildDomain (35ms)
		EndReloadAssembly (861ms)
			LoadAssemblies (70ms)
			RebuildTransferFunctionScriptingTraits (0ms)
			SetupTypeCache (243ms)
			ReleaseScriptCaches (2ms)
			RebuildScriptCaches (43ms)
			SetupLoadedEditorAssemblies (428ms)
				LogAssemblyErrors (0ms)
				InitializePlatformSupportModulesInManaged (20ms)
				SetLoadedEditorAssemblies (0ms)
				RefreshPlugins (1ms)
				BeforeProcessingInitializeOnLoad (80ms)
				ProcessInitializeOnLoadAttributes (284ms)
				ProcessInitializeOnLoadMethodAttributes (39ms)
				AfterProcessingInitializeOnLoad (4ms)
				EditorAssembliesLoaded (0ms)
			ExecutionOrderSort2 (0ms)
			AwakeInstancesAfterBackupRestoration (8ms)
Platform modules already initialized, skipping
Refreshing native plugins compatible for Editor in 2.52 ms, found 3 plugins.
Preloading 0 native plugins for Editor in 0.00 ms.
Unloading 3463 Unused Serialized files (Serialized files now loaded: 0)
Unloading 22 unused Assets / (80.8 KB). Loaded Objects now: 4018.
Memory consumption went from 199.3 MB to 199.2 MB.
Total: 4.720300 ms (FindLiveObjects: 0.506300 ms CreateObjectMapping: 0.470700 ms MarkObjects: 3.603400 ms  DeleteObjects: 0.138300 ms)

AssetImportParameters requested are different than current active one (requested -> active):
  custom:video-decoder-ogg-theora: a1e56fd34408186e4bbccfd4996cb3dc -> 
  custom:container-muxer-webm: aa71ff27fc2769a1b78a27578f13a17b -> 
  custom:container-demuxer-webm: 4f35f7cbe854078d1ac9338744f61a02 -> 
  custom:video-encoder-webm-vp8: eb34c28f22e8b96e1ab97ce403110664 -> 
  custom:audio-encoder-webm-vorbis: bf7c407c2cedff20999df2af8eb42d56 -> 
  custom:framework-win-MediaFoundation: 216162199b28c13a410421893ffa2e32 -> 
  custom:container-demuxer-ogg: 62fdf1f143b41e24485cea50d1cbac27 -> 
  custom:video-decoder-webm-vp8: 9c59270c3fd7afecdb556c50c9e8de78 -> 
  custom:audio-decoder-ogg-vorbis: bf7c407c2cedff20999df2af8eb42d56 -> 
========================================================================
Received Import Request.
  Time since last request: 279.701288 seconds.
  path: Assets/_Prefabs/dragonEgg.prefab
  artifactKey: Guid(7fcb7a5737054464cb8b974e4c2f7224) Importer(815301076,1909f56bfc062723c751e8b465ee728b)
Start importing Assets/_Prefabs/dragonEgg.prefab using Guid(7fcb7a5737054464cb8b974e4c2f7224) Importer(815301076,1909f56bfc062723c751e8b465ee728b)  -> (artifact id: '225f59c66fef0c8590bf27e15a1c8ad9') in 0.106769 seconds 
========================================================================
Received Import Request.
  Time since last request: 14.150747 seconds.
  path: Assets/_Prefabs/dragonEgg.prefab
  artifactKey: Guid(7fcb7a5737054464cb8b974e4c2f7224) Importer(815301076,1909f56bfc062723c751e8b465ee728b)
Start importing Assets/_Prefabs/dragonEgg.prefab using Guid(7fcb7a5737054464cb8b974e4c2f7224) Importer(815301076,1909f56bfc062723c751e8b465ee728b)  -> (artifact id: 'd1e24898be4f10c3e4e36f787305ccb4') in 0.018624 seconds 
